Startpoint: _1772_ (rising edge-triggered flip-flop clocked by clk_48)
Endpoint: _1694_ (removal check against rising-edge clock clk_48)
Path Group: **async_default**
Path Type: min

Fanout     Cap    Slew   Delay    Time   Description
-----------------------------------------------------------------------------
                  0.00    0.00    0.00   clock clk_48 (rise edge)
                          0.00    0.00   clock network delay (ideal)
                  0.00    0.00    0.00 ^ _1772_/CLK (sky130_fd_sc_hd__dfrtp_2)
                  0.06    0.23    0.23 ^ _1772_/Q (sky130_fd_sc_hd__dfrtp_2)
     4    0.01                           tx.state[0] (net)
                  0.06    0.00    0.23 ^ _0838_/B (sky130_fd_sc_hd__nor2_2)
                  0.03    0.03    0.26 v _0838_/Y (sky130_fd_sc_hd__nor2_2)
     2    0.01                           _0447_ (net)
                  0.03    0.00    0.26 v _0840_/A (sky130_fd_sc_hd__nand2_2)
                  0.06    0.06    0.31 ^ _0840_/Y (sky130_fd_sc_hd__nand2_2)
     3    0.01                           _0449_ (net)
                  0.06    0.00    0.31 ^ _0846_/A (sky130_fd_sc_hd__inv_2)
                  0.04    0.04    0.36 v _0846_/Y (sky130_fd_sc_hd__inv_2)
     4    0.02                           _0454_ (net)
                  0.04    0.00    0.36 v _1452_/B (sky130_fd_sc_hd__nor2_2)
                  0.51    0.39    0.75 ^ _1452_/Y (sky130_fd_sc_hd__nor2_2)
    16    0.07                           tx.tx_crc.rst_n (net)
                  0.51    0.00    0.75 ^ _1694_/SET_B (sky130_fd_sc_hd__dfstp_2)
                                  0.75   data arrival time

                  0.00    0.00    0.00   clock clk_48 (rise edge)
                          0.00    0.00   clock network delay (ideal)
                          0.00    0.00   clock reconvergence pessimism
                                  0.00 ^ _1694_/CLK (sky130_fd_sc_hd__dfstp_2)
                          0.11    0.11   library removal time
                                  0.11   data required time
-----------------------------------------------------------------------------
                                  0.11   data required time
                                 -0.75   data arrival time
-----------------------------------------------------------------------------
                                  0.64   slack (MET)


Startpoint: _1606_ (rising edge-triggered flip-flop clocked by clk_48)
Endpoint: _1607_ (rising edge-triggered flip-flop clocked by clk_48)
Path Group: clk_48
Path Type: min

Fanout     Cap    Slew   Delay    Time   Description
-----------------------------------------------------------------------------
                  0.00    0.00    0.00   clock clk_48 (rise edge)
                          0.00    0.00   clock network delay (ideal)
                  0.00    0.00    0.00 ^ _1606_/CLK (sky130_fd_sc_hd__dfxtp_2)
                  0.04    0.19    0.19 ^ _1606_/Q (sky130_fd_sc_hd__dfxtp_2)
     3    0.01                           recv.d_filter.r[0] (net)
                  0.04    0.00    0.19 ^ _1607_/D (sky130_fd_sc_hd__dfxtp_2)
                                  0.19   data arrival time

                  0.00    0.00    0.00   clock clk_48 (rise edge)
                          0.00    0.00   clock network delay (ideal)
                          0.00    0.00   clock reconvergence pessimism
                                  0.00 ^ _1607_/CLK (sky130_fd_sc_hd__dfxtp_2)
                         -0.02   -0.02   library hold time
                                 -0.02   data required time
-----------------------------------------------------------------------------
                                 -0.02   data required time
                                 -0.19   data arrival time
-----------------------------------------------------------------------------
                                  0.21   slack (MET)


Startpoint: rst_n (input port clocked by clk_48)
Endpoint: _1755_ (recovery check against rising-edge clock clk_48)
Path Group: **async_default**
Path Type: max

Fanout     Cap    Slew   Delay    Time   Description
-----------------------------------------------------------------------------
                  0.00    0.00    0.00   clock clk_48 (rise edge)
                          0.00    0.00   clock network delay (ideal)
                          2.51    2.51 ^ input external delay
                  0.93    0.67    3.18 ^ rst_n (in)
    93    0.40                           rst_n (net)
                  0.93    0.00    3.18 ^ _1450_/A (sky130_fd_sc_hd__inv_2)
                  0.21    0.34    3.52 v _1450_/Y (sky130_fd_sc_hd__inv_2)
     2    0.01                           _0396_ (net)
                  0.21    0.00    3.52 v _1451_/B (sky130_fd_sc_hd__nor2_2)
                  1.52    1.21    4.73 ^ _1451_/Y (sky130_fd_sc_hd__nor2_2)
    21    0.09                           recv.sm.crc16.rst_n (net)
                  1.52    0.01    4.74 ^ _1755_/SET_B (sky130_fd_sc_hd__dfstp_2)
                                  4.74   data arrival time

                  0.00   12.55   12.55   clock clk_48 (rise edge)
                          0.00   12.55   clock network delay (ideal)
                          0.00   12.55   clock reconvergence pessimism
                                 12.55 ^ _1755_/CLK (sky130_fd_sc_hd__dfstp_2)
                          0.05   12.60   library recovery time
                                 12.60   data required time
-----------------------------------------------------------------------------
                                 12.60   data required time
                                 -4.74   data arrival time
-----------------------------------------------------------------------------
                                  7.86   slack (MET)


Startpoint: handshake[1] (input port clocked by clk_48)
Endpoint: _1649_ (rising edge-triggered flip-flop clocked by clk_48)
Path Group: clk_48
Path Type: max

Fanout     Cap    Slew   Delay    Time   Description
-----------------------------------------------------------------------------
                  0.00    0.00    0.00   clock clk_48 (rise edge)
                          0.00    0.00   clock network delay (ideal)
                          2.51    2.51 ^ input external delay
                  0.04    0.02    2.53 ^ handshake[1] (in)
     2    0.01                           handshake[1] (net)
                  0.04    0.00    2.53 ^ _1256_/A (sky130_fd_sc_hd__buf_1)
                  0.66    0.56    3.09 ^ _1256_/X (sky130_fd_sc_hd__buf_1)
     6    0.04                           _0750_ (net)
                  0.66    0.00    3.09 ^ _1398_/A (sky130_fd_sc_hd__inv_2)
                  0.22    0.38    3.47 v _1398_/Y (sky130_fd_sc_hd__inv_2)
     6    0.03                           _0037_ (net)
                  0.22    0.00    3.47 v _1594_/S (sky130_fd_sc_hd__mux2_1)
                  0.10    0.73    4.20 v _1594_/X (sky130_fd_sc_hd__mux2_1)
     1    0.00                           _0085_ (net)
                  0.10    0.00    4.20 v _1595_/A0 (sky130_fd_sc_hd__mux2_1)
                  0.13    0.66    4.86 v _1595_/X (sky130_fd_sc_hd__mux2_1)
     2    0.00                           _0086_ (net)
                  0.13    0.00    4.86 v _1548_/A0 (sky130_fd_sc_hd__mux2_1)
                  0.10    0.63    5.49 v _1548_/X (sky130_fd_sc_hd__mux2_1)
     1    0.00                           _0087_ (net)
                  0.10    0.00    5.49 v _1549_/A0 (sky130_fd_sc_hd__mux2_1)
                  0.11    0.63    6.12 v _1549_/X (sky130_fd_sc_hd__mux2_1)
     1    0.00                           _0088_ (net)
                  0.11    0.00    6.12 v _1550_/A1 (sky130_fd_sc_hd__mux2_1)
                  0.14    0.70    6.81 v _1550_/X (sky130_fd_sc_hd__mux2_1)
     1    0.00                           _0787_ (net)
                  0.14    0.00    6.81 v _1277_/B (sky130_fd_sc_hd__nand2_2)
                  0.11    0.14    6.95 ^ _1277_/Y (sky130_fd_sc_hd__nand2_2)
     1    0.01                           _0768_ (net)
                  0.11    0.00    6.95 ^ _1278_/B (sky130_fd_sc_hd__nand2_2)
                  0.05    0.10    7.05 v _1278_/Y (sky130_fd_sc_hd__nand2_2)
     1    0.00                           _0184_ (net)
                  0.05    0.00    7.05 v _1649_/D (sky130_fd_sc_hd__dfxtp_2)
                                  7.05   data arrival time

                  0.00   12.55   12.55   clock clk_48 (rise edge)
                          0.00   12.55   clock network delay (ideal)
                          0.00   12.55   clock reconvergence pessimism
                                 12.55 ^ _1649_/CLK (sky130_fd_sc_hd__dfxtp_2)
                         -0.28   12.27   library setup time
                                 12.27   data required time
-----------------------------------------------------------------------------
                                 12.27   data required time
                                 -7.05   data arrival time
-----------------------------------------------------------------------------
                                  5.22   slack (MET)

