OpenROAD 0.9.0 1415572a73
This program is licensed under the BSD-3 license. See the LICENSE file for details.
Components of this program may be licensed under more restrictive licenses which must be honored.
Warning: /openLANE_flow/designs/usb/runs/28-01_06-18/tmp/resizer.lib line 32, default_operating_condition ss_100C_1v60 not found.
Notice 0: Reading LEF file:  /openLANE_flow/designs/usb/runs/28-01_06-18/tmp/merged_unpadded.lef
Notice 0:     Created 13 technology layers
Notice 0:     Created 25 technology vias
Notice 0:     Created 440 library cells
Notice 0: Finished LEF file:  /openLANE_flow/designs/usb/runs/28-01_06-18/tmp/merged_unpadded.lef
Notice 0: 
Reading DEF file: /openLANE_flow/designs/usb/runs/28-01_06-18/tmp/placement/13-replace.def
Notice 0: Design: usb
Notice 0:     Created 46 pins.
Notice 0:     Created 1498 components and 8686 component-terminals.
Notice 0:     Created 2 special nets and 0 connections.
Notice 0:     Created 1021 nets and 3450 connections.
Notice 0: Finished DEF file: /openLANE_flow/designs/usb/runs/28-01_06-18/tmp/placement/13-replace.def
create_clock [get_ports $::env(CLOCK_PORT)]  -name $::env(CLOCK_PORT)  -period $::env(CLOCK_PERIOD)
set input_delay_value [expr $::env(CLOCK_PERIOD) * $::env(IO_PCT)]
set output_delay_value [expr $::env(CLOCK_PERIOD) * $::env(IO_PCT)]
puts "\[INFO\]: Setting output delay to: $output_delay_value"
[INFO]: Setting output delay to: 2.5100000000000002
puts "\[INFO\]: Setting input delay to: $input_delay_value"
[INFO]: Setting input delay to: 2.5100000000000002
set_max_fanout $::env(SYNTH_MAX_FANOUT) [current_design]
set clk_indx [lsearch [all_inputs] [get_port $::env(CLOCK_PORT)]]
#set rst_indx [lsearch [all_inputs] [get_port resetn]]
set all_inputs_wo_clk [lreplace [all_inputs] $clk_indx $clk_indx]
#set all_inputs_wo_clk_rst [lreplace $all_inputs_wo_clk $rst_indx $rst_indx]
set all_inputs_wo_clk_rst $all_inputs_wo_clk
# correct resetn
set_input_delay $input_delay_value  -clock [get_clocks $::env(CLOCK_PORT)] $all_inputs_wo_clk_rst
#set_input_delay 0.0 -clock [get_clocks $::env(CLOCK_PORT)] {resetn}
set_output_delay $output_delay_value  -clock [get_clocks $::env(CLOCK_PORT)] [all_outputs]
# TODO set this as parameter
set_driving_cell -lib_cell $::env(SYNTH_DRIVING_CELL) -pin $::env(SYNTH_DRIVING_CELL_PIN) [all_inputs]
set cap_load [expr $::env(SYNTH_CAP_LOAD) / 1000.0]
puts "\[INFO\]: Setting load to: $cap_load"
[INFO]: Setting load to: 0.01765
set_load  $cap_load [all_outputs]
[INFO RSZ-0027] Inserted 22 input buffers.
[INFO RSZ-0028] Inserted 21 output buffers.
[INFO RSZ-0034] Found 2 slew violations.
[INFO RSZ-0036] Found 2 capacitance violations.
[INFO RSZ-0038] Inserted 6 buffers in 2 nets.
[INFO RSZ-0039] Resized 770 instances.
Design Stats
--------------------------------
total instances          1547
multi row instances         0
fixed instances           500
nets                     1072
design area           27552.7 u^2
fixed area              930.9 u^2
movable area          10822.9 u^2
utilization                41 %
utilization padded         65 %
rows                       61
row height                2.7 u

Placement Analysis
--------------------------------
total displacement     3546.0 u
average displacement      2.3 u
max displacement         30.0 u
original HPWL         20237.2 u
legalized HPWL        23158.2 u
delta HPWL                 14 %

[INFO DPL-0020] Mirrored 412 instances
[INFO DPL-0021] HPWL before           23158.2 u
[INFO DPL-0022] HPWL after            22563.8 u
[INFO DPL-0023] HPWL delta               -2.6 %
