OpenROAD 0.9.0 1415572a73
This program is licensed under the BSD-3 license. See the LICENSE file for details.
Components of this program may be licensed under more restrictive licenses which must be honored.
Notice 0: Reading LEF file:  /openLANE_flow/designs/usb/runs/28-01_06-18/tmp/merged_unpadded.lef
Notice 0:     Created 13 technology layers
Notice 0:     Created 25 technology vias
Notice 0:     Created 440 library cells
Notice 0: Finished LEF file:  /openLANE_flow/designs/usb/runs/28-01_06-18/tmp/merged_unpadded.lef
Notice 0: 
Reading DEF file: /openLANE_flow/designs/usb/runs/28-01_06-18/tmp/placement/13-resizer.def
Notice 0: Design: usb
Notice 0:     Created 46 pins.
Notice 0:     Created 1547 components and 8980 component-terminals.
Notice 0:     Created 2 special nets and 0 connections.
Notice 0:     Created 1070 nets and 3548 connections.
Notice 0: Finished DEF file: /openLANE_flow/designs/usb/runs/28-01_06-18/tmp/placement/13-resizer.def
Design Stats
--------------------------------
total instances          1547
multi row instances         0
fixed instances           500
nets                     1072
design area           27552.7 u^2
fixed area              930.9 u^2
movable area          10822.9 u^2
utilization                41 %
utilization padded         60 %
rows                       61
row height                2.7 u

Placement Analysis
--------------------------------
total displacement        0.0 u
average displacement      0.0 u
max displacement          0.0 u
original HPWL         22563.8 u
legalized HPWL        23158.2 u
delta HPWL                  3 %

[INFO DPL-0020] Mirrored 412 instances
[INFO DPL-0021] HPWL before           23158.2 u
[INFO DPL-0022] HPWL after            22563.8 u
[INFO DPL-0023] HPWL delta               -2.6 %
