Startpoint: _1501_ (rising edge-triggered flip-flop clocked by clk_48)
Endpoint: _1408_ (removal check against rising-edge clock clk_48)
Path Group: **async_default**
Path Type: min

Fanout     Cap    Slew   Delay    Time   Description
-----------------------------------------------------------------------------
                  0.00    0.00    0.00   clock clk_48 (rise edge)
                          0.00    0.00   clock network delay (ideal)
                  0.00    0.00    0.00 ^ _1501_/CLK (sky130_fd_sc_hd__dfrtp_2)
                  0.06    0.23    0.23 ^ _1501_/Q (sky130_fd_sc_hd__dfrtp_2)
     5    0.01                           tx.state[1] (net)
                  0.06    0.00    0.23 ^ _0666_/A (sky130_fd_sc_hd__or2_2)
                  0.03    0.08    0.31 ^ _0666_/X (sky130_fd_sc_hd__or2_2)
     2    0.01                           _0338_ (net)
                  0.03    0.00    0.31 ^ _0705_/B (sky130_fd_sc_hd__or2_2)
                  0.04    0.07    0.38 ^ _0705_/X (sky130_fd_sc_hd__or2_2)
     2    0.01                           _0366_ (net)
                  0.04    0.00    0.38 ^ _0706_/A (sky130_fd_sc_hd__buf_1)
                  0.17    0.15    0.53 ^ _0706_/X (sky130_fd_sc_hd__buf_1)
     6    0.02                           _0367_ (net)
                  0.17    0.00    0.53 ^ _0707_/A (sky130_fd_sc_hd__inv_2)
                  0.06    0.05    0.57 v _0707_/Y (sky130_fd_sc_hd__inv_2)
     5    0.01                           _0368_ (net)
                  0.06    0.00    0.57 v _1189_/B (sky130_fd_sc_hd__nor2_2)
                  0.44    0.34    0.92 ^ _1189_/Y (sky130_fd_sc_hd__nor2_2)
    16    0.06                           tx.tx_crc.rst_n (net)
                  0.44    0.00    0.92 ^ _1408_/SET_B (sky130_fd_sc_hd__dfstp_2)
                                  0.92   data arrival time

                  0.00    0.00    0.00   clock clk_48 (rise edge)
                          0.00    0.00   clock network delay (ideal)
                          0.00    0.00   clock reconvergence pessimism
                                  0.00 ^ _1408_/CLK (sky130_fd_sc_hd__dfstp_2)
                          0.11    0.11   library removal time
                                  0.11   data required time
-----------------------------------------------------------------------------
                                  0.11   data required time
                                 -0.92   data arrival time
-----------------------------------------------------------------------------
                                  0.81   slack (MET)


Startpoint: _1334_ (rising edge-triggered flip-flop clocked by clk_48)
Endpoint: _1335_ (rising edge-triggered flip-flop clocked by clk_48)
Path Group: clk_48
Path Type: min

Fanout     Cap    Slew   Delay    Time   Description
-----------------------------------------------------------------------------
                  0.00    0.00    0.00   clock clk_48 (rise edge)
                          0.00    0.00   clock network delay (ideal)
                  0.00    0.00    0.00 ^ _1334_/CLK (sky130_fd_sc_hd__dfxtp_2)
                  0.03    0.18    0.18 ^ _1334_/Q (sky130_fd_sc_hd__dfxtp_2)
     3    0.00                           recv.d_filter.r[0] (net)
                  0.03    0.00    0.18 ^ _1335_/D (sky130_fd_sc_hd__dfxtp_2)
                                  0.18   data arrival time

                  0.00    0.00    0.00   clock clk_48 (rise edge)
                          0.00    0.00   clock network delay (ideal)
                          0.00    0.00   clock reconvergence pessimism
                                  0.00 ^ _1335_/CLK (sky130_fd_sc_hd__dfxtp_2)
                         -0.02   -0.02   library hold time
                                 -0.02   data required time
-----------------------------------------------------------------------------
                                 -0.02   data required time
                                 -0.18   data arrival time
-----------------------------------------------------------------------------
                                  0.20   slack (MET)


Startpoint: rst_n (input port clocked by clk_48)
Endpoint: _1465_ (recovery check against rising-edge clock clk_48)
Path Group: **async_default**
Path Type: max

Fanout     Cap    Slew   Delay    Time   Description
-----------------------------------------------------------------------------
                  0.00    0.00    0.00   clock clk_48 (rise edge)
                          0.00    0.00   clock network delay (ideal)
                          2.51    2.51 ^ input external delay
                  0.70    0.49    3.00 ^ rst_n (in)
    93    0.30                           rst_n (net)
                  0.70    0.00    3.00 ^ _1187_/A (sky130_fd_sc_hd__inv_2)
                  0.15    0.25    3.25 v _1187_/Y (sky130_fd_sc_hd__inv_2)
     2    0.01                           _0318_ (net)
                  0.15    0.00    3.25 v _1188_/B (sky130_fd_sc_hd__nor2_2)
                  1.19    0.96    4.21 ^ _1188_/Y (sky130_fd_sc_hd__nor2_2)
    21    0.07                           recv.sm.crc16.rst_n (net)
                  1.19    0.00    4.21 ^ _1465_/SET_B (sky130_fd_sc_hd__dfstp_2)
                                  4.21   data arrival time

                  0.00   12.55   12.55   clock clk_48 (rise edge)
                          0.00   12.55   clock network delay (ideal)
                          0.00   12.55   clock reconvergence pessimism
                                 12.55 ^ _1465_/CLK (sky130_fd_sc_hd__dfstp_2)
                          0.10   12.65   library recovery time
                                 12.65   data required time
-----------------------------------------------------------------------------
                                 12.65   data required time
                                 -4.21   data arrival time
-----------------------------------------------------------------------------
                                  8.44   slack (MET)


Startpoint: _1427_ (rising edge-triggered flip-flop clocked by clk_48)
Endpoint: usb_rst (output port clocked by clk_48)
Path Group: clk_48
Path Type: max

Fanout     Cap    Slew   Delay    Time   Description
-----------------------------------------------------------------------------
                  0.00    0.00    0.00   clock clk_48 (rise edge)
                          0.00    0.00   clock network delay (ideal)
                  0.00    0.00    0.00 ^ _1427_/CLK (sky130_fd_sc_hd__dfrtp_2)
                  0.12    0.83    0.83 v _1427_/Q (sky130_fd_sc_hd__dfrtp_2)
     4    0.01                           recv.reset_detect.cntr[1] (net)
                  0.12    0.00    0.83 v _0958_/A (sky130_fd_sc_hd__or3_2)
                  0.21    1.20    2.03 v _0958_/X (sky130_fd_sc_hd__or3_2)
     3    0.01                           _0539_ (net)
                  0.21    0.00    2.03 v _0959_/B (sky130_fd_sc_hd__or2_2)
                  0.18    0.78    2.81 v _0959_/X (sky130_fd_sc_hd__or2_2)
     5    0.02                           _0540_ (net)
                  0.18    0.00    2.81 v _0960_/C (sky130_fd_sc_hd__or3_2)
                  0.21    1.09    3.90 v _0960_/X (sky130_fd_sc_hd__or3_2)
     4    0.01                           _0541_ (net)
                  0.21    0.00    3.90 v _0961_/C (sky130_fd_sc_hd__or3_2)
                  0.22    1.11    5.01 v _0961_/X (sky130_fd_sc_hd__or3_2)
     4    0.01                           _0542_ (net)
                  0.22    0.00    5.01 v _0962_/D (sky130_fd_sc_hd__or4_2)
                  0.26    1.41    6.42 v _0962_/X (sky130_fd_sc_hd__or4_2)
     3    0.01                           _0543_ (net)
                  0.26    0.00    6.42 v _0963_/D (sky130_fd_sc_hd__or4_2)
                  0.28    1.46    7.88 v _0963_/X (sky130_fd_sc_hd__or4_2)
     3    0.01                           _0544_ (net)
                  0.28    0.00    7.88 v _0964_/B (sky130_fd_sc_hd__or2_2)
                  0.13    0.72    8.60 v _0964_/X (sky130_fd_sc_hd__or2_2)
     3    0.00                           _0545_ (net)
                  0.13    0.00    8.60 v _0965_/B (sky130_fd_sc_hd__or2_2)
                  0.16    0.71    9.31 v _0965_/X (sky130_fd_sc_hd__or2_2)
     3    0.01                           _0546_ (net)
                  0.16    0.00    9.31 v _0969_/B (sky130_fd_sc_hd__nor2_2)
                  0.12    0.16    9.47 ^ _0969_/Y (sky130_fd_sc_hd__nor2_2)
     2    0.00                           _0548_ (net)
                  0.12    0.00    9.47 ^ _0970_/A (sky130_fd_sc_hd__buf_1)
                  0.80    0.69   10.17 ^ _0970_/X (sky130_fd_sc_hd__buf_1)
     6    0.04                           usb_rst (net)
                  0.80    0.00   10.17 ^ usb_rst (out)
                                 10.17   data arrival time

                  0.00   12.55   12.55   clock clk_48 (rise edge)
                          0.00   12.55   clock network delay (ideal)
                          0.00   12.55   clock reconvergence pessimism
                         -2.51   10.04   output external delay
                                 10.04   data required time
-----------------------------------------------------------------------------
                                 10.04   data required time
                                -10.17   data arrival time
-----------------------------------------------------------------------------
                                 -0.13   slack (VIOLATED)


