Startpoint: _1772_ (rising edge-triggered flip-flop clocked by clk_48)
Endpoint: _1680_ (removal check against rising-edge clock clk_48)
Path Group: **async_default**
Path Type: min

Fanout     Cap    Slew   Delay    Time   Description
-----------------------------------------------------------------------------
                  0.00    0.00    0.00   clock clk_48 (rise edge)
                          0.00    0.00   clock network delay (ideal)
                  0.00    0.00    0.00 ^ _1772_/CLK (sky130_fd_sc_hd__dfrtp_2)
                  0.05    0.22    0.22 ^ _1772_/Q (sky130_fd_sc_hd__dfrtp_2)
     4    0.01                           tx.state[0] (net)
                  0.05    0.00    0.22 ^ _0838_/B (sky130_fd_sc_hd__nor2_2)
                  0.03    0.03    0.25 v _0838_/Y (sky130_fd_sc_hd__nor2_2)
     2    0.01                           _0447_ (net)
                  0.03    0.00    0.25 v _0840_/A (sky130_fd_sc_hd__nand2_2)
                  0.05    0.05    0.30 ^ _0840_/Y (sky130_fd_sc_hd__nand2_2)
     3    0.01                           _0449_ (net)
                  0.05    0.00    0.30 ^ _0846_/A (sky130_fd_sc_hd__inv_2)
                  0.03    0.03    0.34 v _0846_/Y (sky130_fd_sc_hd__inv_2)
     4    0.01                           _0454_ (net)
                  0.03    0.00    0.34 v _1452_/B (sky130_fd_sc_hd__nor2_2)
                  0.44    0.34    0.67 ^ _1452_/Y (sky130_fd_sc_hd__nor2_2)
    16    0.06                           tx.tx_crc.rst_n (net)
                  0.44    0.00    0.67 ^ _1680_/SET_B (sky130_fd_sc_hd__dfstp_2)
                                  0.67   data arrival time

                  0.00    0.00    0.00   clock clk_48 (rise edge)
                          0.00    0.00   clock network delay (ideal)
                          0.00    0.00   clock reconvergence pessimism
                                  0.00 ^ _1680_/CLK (sky130_fd_sc_hd__dfstp_2)
                          0.11    0.11   library removal time
                                  0.11   data required time
-----------------------------------------------------------------------------
                                  0.11   data required time
                                 -0.67   data arrival time
-----------------------------------------------------------------------------
                                  0.57   slack (MET)


Startpoint: _1606_ (rising edge-triggered flip-flop clocked by clk_48)
Endpoint: _1607_ (rising edge-triggered flip-flop clocked by clk_48)
Path Group: clk_48
Path Type: min

Fanout     Cap    Slew   Delay    Time   Description
-----------------------------------------------------------------------------
                  0.00    0.00    0.00   clock clk_48 (rise edge)
                          0.00    0.00   clock network delay (ideal)
                  0.00    0.00    0.00 ^ _1606_/CLK (sky130_fd_sc_hd__dfxtp_2)
                  0.03    0.18    0.18 ^ _1606_/Q (sky130_fd_sc_hd__dfxtp_2)
     3    0.00                           recv.d_filter.r[0] (net)
                  0.03    0.00    0.18 ^ _1607_/D (sky130_fd_sc_hd__dfxtp_2)
                                  0.18   data arrival time

                  0.00    0.00    0.00   clock clk_48 (rise edge)
                          0.00    0.00   clock network delay (ideal)
                          0.00    0.00   clock reconvergence pessimism
                                  0.00 ^ _1607_/CLK (sky130_fd_sc_hd__dfxtp_2)
                         -0.02   -0.02   library hold time
                                 -0.02   data required time
-----------------------------------------------------------------------------
                                 -0.02   data required time
                                 -0.18   data arrival time
-----------------------------------------------------------------------------
                                  0.20   slack (MET)


Startpoint: rst_n (input port clocked by clk_48)
Endpoint: _1737_ (recovery check against rising-edge clock clk_48)
Path Group: **async_default**
Path Type: max

Fanout     Cap    Slew   Delay    Time   Description
-----------------------------------------------------------------------------
                  0.00    0.00    0.00   clock clk_48 (rise edge)
                          0.00    0.00   clock network delay (ideal)
                          2.51    2.51 ^ input external delay
                  0.70    0.49    3.00 ^ rst_n (in)
    93    0.30                           rst_n (net)
                  0.70    0.00    3.00 ^ _1450_/A (sky130_fd_sc_hd__inv_2)
                  0.15    0.25    3.25 v _1450_/Y (sky130_fd_sc_hd__inv_2)
     2    0.01                           _0396_ (net)
                  0.15    0.00    3.25 v _1451_/B (sky130_fd_sc_hd__nor2_2)
                  1.19    0.96    4.21 ^ _1451_/Y (sky130_fd_sc_hd__nor2_2)
    21    0.07                           recv.sm.crc16.rst_n (net)
                  1.19    0.00    4.21 ^ _1737_/SET_B (sky130_fd_sc_hd__dfstp_2)
                                  4.21   data arrival time

                  0.00   12.55   12.55   clock clk_48 (rise edge)
                          0.00   12.55   clock network delay (ideal)
                          0.00   12.55   clock reconvergence pessimism
                                 12.55 ^ _1737_/CLK (sky130_fd_sc_hd__dfstp_2)
                          0.10   12.65   library recovery time
                                 12.65   data required time
-----------------------------------------------------------------------------
                                 12.65   data required time
                                 -4.21   data arrival time
-----------------------------------------------------------------------------
                                  8.44   slack (MET)


Startpoint: handshake[1] (input port clocked by clk_48)
Endpoint: _1645_ (rising edge-triggered flip-flop clocked by clk_48)
Path Group: clk_48
Path Type: max

Fanout     Cap    Slew   Delay    Time   Description
-----------------------------------------------------------------------------
                  0.00    0.00    0.00   clock clk_48 (rise edge)
                          0.00    0.00   clock network delay (ideal)
                          2.51    2.51 ^ input external delay
                  0.03    0.01    2.52 ^ handshake[1] (in)
     2    0.00                           handshake[1] (net)
                  0.03    0.00    2.52 ^ _1256_/A (sky130_fd_sc_hd__buf_1)
                  0.53    0.45    2.97 ^ _1256_/X (sky130_fd_sc_hd__buf_1)
     6    0.03                           _0750_ (net)
                  0.53    0.00    2.97 ^ _1398_/A (sky130_fd_sc_hd__inv_2)
                  0.18    0.30    3.27 v _1398_/Y (sky130_fd_sc_hd__inv_2)
     6    0.02                           _0037_ (net)
                  0.18    0.00    3.27 v _1585_/S (sky130_fd_sc_hd__mux2_1)
                  0.10    0.71    3.98 v _1585_/X (sky130_fd_sc_hd__mux2_1)
     1    0.00                           _0064_ (net)
                  0.10    0.00    3.98 v _1586_/A0 (sky130_fd_sc_hd__mux2_1)
                  0.12    0.65    4.62 v _1586_/X (sky130_fd_sc_hd__mux2_1)
     2    0.00                           _0065_ (net)
                  0.12    0.00    4.62 v _1542_/A0 (sky130_fd_sc_hd__mux2_1)
                  0.10    0.62    5.25 v _1542_/X (sky130_fd_sc_hd__mux2_1)
     1    0.00                           _0066_ (net)
                  0.10    0.00    5.25 v _1543_/A0 (sky130_fd_sc_hd__mux2_1)
                  0.10    0.62    5.87 v _1543_/X (sky130_fd_sc_hd__mux2_1)
     1    0.00                           _0067_ (net)
                  0.10    0.00    5.87 v _1544_/A1 (sky130_fd_sc_hd__mux2_1)
                  0.13    0.69    6.55 v _1544_/X (sky130_fd_sc_hd__mux2_1)
     1    0.00                           _0785_ (net)
                  0.13    0.00    6.55 v _1289_/B (sky130_fd_sc_hd__nand2_2)
                  0.10    0.13    6.69 ^ _1289_/Y (sky130_fd_sc_hd__nand2_2)
     1    0.00                           _0776_ (net)
                  0.10    0.00    6.69 ^ _1290_/B (sky130_fd_sc_hd__nand2_2)
                  0.04    0.09    6.78 v _1290_/Y (sky130_fd_sc_hd__nand2_2)
     1    0.00                           _0180_ (net)
                  0.04    0.00    6.78 v _1645_/D (sky130_fd_sc_hd__dfxtp_2)
                                  6.78   data arrival time

                  0.00   12.55   12.55   clock clk_48 (rise edge)
                          0.00   12.55   clock network delay (ideal)
                          0.00   12.55   clock reconvergence pessimism
                                 12.55 ^ _1645_/CLK (sky130_fd_sc_hd__dfxtp_2)
                         -0.28   12.27   library setup time
                                 12.27   data required time
-----------------------------------------------------------------------------
                                 12.27   data required time
                                 -6.78   data arrival time
-----------------------------------------------------------------------------
                                  5.49   slack (MET)


