
Magic 8.3 revision 179 - Compiled on Tue Jun 15 07:12:53 UTC 2021.
Starting magic under Tcl interpreter
Using the terminal as the console.
Using NULL graphics device.
Processing system .magicrc file
Sourcing design .magicrc for technology sky130A ...
2 Magic internal units = 1 Lambda
Input style sky130(): scaleFactor=2, multiplier=2
Scaled tech values by 2 / 1 to match internal grid scaling
Loading sky130A Device Generator Menu ...
Loading "/openLANE_flow/scripts/magic/lef.tcl" from command line.
Reading LEF data from file /home/vsduser/Desktop/work/tools/openlane_working_dir/pdks/sky130A/libs.ref/sky130_fd_sc_hd/techlef/sky130_fd_sc_hd.tlef.
This action cannot be undone.
LEF read, Line 77 (Message): Unknown keyword "ANTENNAMODEL" in LEF file; ignoring.
LEF read, Line 78 (Message): Unknown keyword "ANTENNADIFFSIDEAREARATIO" in LEF file; ignoring.
LEF read, Line 110 (Message): Unknown keyword "MINENCLOSEDAREA" in LEF file; ignoring.
LEF read, Line 112 (Message): Unknown keyword "ANTENNAMODEL" in LEF file; ignoring.
LEF read, Line 113 (Message): Unknown keyword "ANTENNADIFFSIDEAREARATIO" in LEF file; ignoring.
LEF read, Line 119 (Message): Unknown keyword "MAXIMUMDENSITY" in LEF file; ignoring.
LEF read, Line 120 (Message): Unknown keyword "DENSITYCHECKWINDOW" in LEF file; ignoring.
LEF read, Line 121 (Message): Unknown keyword "DENSITYCHECKSTEP" in LEF file; ignoring.
LEF read, Line 153 (Message): Unknown keyword "MINENCLOSEDAREA" in LEF file; ignoring.
LEF read, Line 161 (Message): Unknown keyword "ANTENNAMODEL" in LEF file; ignoring.
LEF read, Line 162 (Message): Unknown keyword "ANTENNADIFFSIDEAREARATIO" in LEF file; ignoring.
LEF read, Line 164 (Message): Unknown keyword "MAXIMUMDENSITY" in LEF file; ignoring.
LEF read, Line 165 (Message): Unknown keyword "DENSITYCHECKWINDOW" in LEF file; ignoring.
LEF read, Line 166 (Message): Unknown keyword "DENSITYCHECKSTEP" in LEF file; ignoring.
LEF read, Line 202 (Message): Unknown keyword "ANTENNAMODEL" in LEF file; ignoring.
LEF read, Line 203 (Message): Unknown keyword "ANTENNADIFFSIDEAREARATIO" in LEF file; ignoring.
LEF read, Line 205 (Message): Unknown keyword "MAXIMUMDENSITY" in LEF file; ignoring.
LEF read, Line 206 (Message): Unknown keyword "DENSITYCHECKWINDOW" in LEF file; ignoring.
LEF read, Line 207 (Message): Unknown keyword "DENSITYCHECKSTEP" in LEF file; ignoring.
LEF read, Line 243 (Message): Unknown keyword "ANTENNAMODEL" in LEF file; ignoring.
LEF read, Line 244 (Message): Unknown keyword "ANTENNADIFFSIDEAREARATIO" in LEF file; ignoring.
LEF read, Line 246 (Message): Unknown keyword "MAXIMUMDENSITY" in LEF file; ignoring.
LEF read, Line 247 (Message): Unknown keyword "DENSITYCHECKWINDOW" in LEF file; ignoring.
LEF read, Line 248 (Message): Unknown keyword "DENSITYCHECKSTEP" in LEF file; ignoring.
LEF read, Line 284 (Message): Unknown keyword "ANTENNAMODEL" in LEF file; ignoring.
LEF read, Line 285 (Message): Unknown keyword "ANTENNADIFFSIDEAREARATIO" in LEF file; ignoring.
LEF read: Processed 791 lines.
usb: 10000 rects
usb: 20000 rects
usb: 30000 rects
usb: 40000 rects
usb: 50000 rects
usb: 60000 rects
[INFO]: Writing abstract LEF
Generating LEF output /openLANE_flow/designs/usb/runs/28-01_06-18/results/magic/usb.lef for cell usb:
Diagnostic:  Write LEF header for cell usb
Diagnostic:  Writing LEF output for cell usb
Warning:  Parent cell lists instance of "sky130_fd_sc_hd__decap_3" at bad file path /openLANE_flow/designs/usb/runs/28-01_06-18/results/magic/sky130_fd_sc_hd__decap_3.mag.
The cell exists in the search paths at /home/vsduser/Desktop/work/tools/openlane_working_dir/pdks/sky130A/libs.ref/sky130_fd_sc_hd/maglef/sky130_fd_sc_hd__decap_3.mag.
The discovered version will be used.
Warning:  Parent cell lists instance of "sky130_fd_sc_hd__decap_12" at bad file path /openLANE_flow/designs/usb/runs/28-01_06-18/results/magic/sky130_fd_sc_hd__decap_12.mag.
The cell exists in the search paths at /home/vsduser/Desktop/work/tools/openlane_working_dir/pdks/sky130A/libs.ref/sky130_fd_sc_hd/maglef/sky130_fd_sc_hd__decap_12.mag.
The discovered version will be used.
Warning:  Parent cell lists instance of "sky130_fd_sc_hd__tapvpwrvgnd_1" at bad file path /openLANE_flow/designs/usb/runs/28-01_06-18/results/magic/sky130_fd_sc_hd__tapvpwrvgnd_1.mag.
The cell exists in the search paths at /home/vsduser/Desktop/work/tools/openlane_working_dir/pdks/sky130A/libs.ref/sky130_fd_sc_hd/maglef/sky130_fd_sc_hd__tapvpwrvgnd_1.mag.
The discovered version will be used.
Warning:  Parent cell lists instance of "sky130_fd_sc_hd__decap_8" at bad file path /openLANE_flow/designs/usb/runs/28-01_06-18/results/magic/sky130_fd_sc_hd__decap_8.mag.
The cell exists in the search paths at /home/vsduser/Desktop/work/tools/openlane_working_dir/pdks/sky130A/libs.ref/sky130_fd_sc_hd/maglef/sky130_fd_sc_hd__decap_8.mag.
The discovered version will be used.
Warning:  Parent cell lists instance of "sky130_fd_sc_hd__fill_1" at bad file path /openLANE_flow/designs/usb/runs/28-01_06-18/results/magic/sky130_fd_sc_hd__fill_1.mag.
The cell exists in the search paths at /home/vsduser/Desktop/work/tools/openlane_working_dir/pdks/sky130A/libs.ref/sky130_fd_sc_hd/maglef/sky130_fd_sc_hd__fill_1.mag.
The discovered version will be used.
Warning:  Parent cell lists instance of "sky130_fd_sc_hd__clkbuf_2" at bad file path /openLANE_flow/designs/usb/runs/28-01_06-18/results/magic/sky130_fd_sc_hd__clkbuf_2.mag.
The cell exists in the search paths at /home/vsduser/Desktop/work/tools/openlane_working_dir/pdks/sky130A/libs.ref/sky130_fd_sc_hd/maglef/sky130_fd_sc_hd__clkbuf_2.mag.
The discovered version will be used.
Warning:  Parent cell lists instance of "sky130_fd_sc_hd__decap_4" at bad file path /openLANE_flow/designs/usb/runs/28-01_06-18/results/magic/sky130_fd_sc_hd__decap_4.mag.
The cell exists in the search paths at /home/vsduser/Desktop/work/tools/openlane_working_dir/pdks/sky130A/libs.ref/sky130_fd_sc_hd/maglef/sky130_fd_sc_hd__decap_4.mag.
The discovered version will be used.
Warning:  Parent cell lists instance of "sky130_fd_sc_hd__buf_2" at bad file path /openLANE_flow/designs/usb/runs/28-01_06-18/results/magic/sky130_fd_sc_hd__buf_2.mag.
The cell exists in the search paths at /home/vsduser/Desktop/work/tools/openlane_working_dir/pdks/sky130A/libs.ref/sky130_fd_sc_hd/maglef/sky130_fd_sc_hd__buf_2.mag.
The discovered version will be used.
Warning:  Parent cell lists instance of "sky130_fd_sc_hd__clkbuf_1" at bad file path /openLANE_flow/designs/usb/runs/28-01_06-18/results/magic/sky130_fd_sc_hd__clkbuf_1.mag.
The cell exists in the search paths at /home/vsduser/Desktop/work/tools/openlane_working_dir/pdks/sky130A/libs.ref/sky130_fd_sc_hd/maglef/sky130_fd_sc_hd__clkbuf_1.mag.
The discovered version will be used.
Warning:  Parent cell lists instance of "sky130_fd_sc_hd__inv_2" at bad file path /openLANE_flow/designs/usb/runs/28-01_06-18/results/magic/sky130_fd_sc_hd__inv_2.mag.
The cell exists in the search paths at /home/vsduser/Desktop/work/tools/openlane_working_dir/pdks/sky130A/libs.ref/sky130_fd_sc_hd/maglef/sky130_fd_sc_hd__inv_2.mag.
The discovered version will be used.
Warning:  Parent cell lists instance of "sky130_fd_sc_hd__decap_6" at bad file path /openLANE_flow/designs/usb/runs/28-01_06-18/results/magic/sky130_fd_sc_hd__decap_6.mag.
The cell exists in the search paths at /home/vsduser/Desktop/work/tools/openlane_working_dir/pdks/sky130A/libs.ref/sky130_fd_sc_hd/maglef/sky130_fd_sc_hd__decap_6.mag.
The discovered version will be used.
Warning:  Parent cell lists instance of "sky130_fd_sc_hd__buf_4" at bad file path /openLANE_flow/designs/usb/runs/28-01_06-18/results/magic/sky130_fd_sc_hd__buf_4.mag.
The cell exists in the search paths at /home/vsduser/Desktop/work/tools/openlane_working_dir/pdks/sky130A/libs.ref/sky130_fd_sc_hd/maglef/sky130_fd_sc_hd__buf_4.mag.
The discovered version will be used.
Warning:  Parent cell lists instance of "sky130_fd_sc_hd__dfstp_1" at bad file path /openLANE_flow/designs/usb/runs/28-01_06-18/results/magic/sky130_fd_sc_hd__dfstp_1.mag.
The cell exists in the search paths at /home/vsduser/Desktop/work/tools/openlane_working_dir/pdks/sky130A/libs.ref/sky130_fd_sc_hd/maglef/sky130_fd_sc_hd__dfstp_1.mag.
The discovered version will be used.
Warning:  Parent cell lists instance of "sky130_fd_sc_hd__fill_2" at bad file path /openLANE_flow/designs/usb/runs/28-01_06-18/results/magic/sky130_fd_sc_hd__fill_2.mag.
The cell exists in the search paths at /home/vsduser/Desktop/work/tools/openlane_working_dir/pdks/sky130A/libs.ref/sky130_fd_sc_hd/maglef/sky130_fd_sc_hd__fill_2.mag.
The discovered version will be used.
Warning:  Parent cell lists instance of "sky130_fd_sc_hd__dfxtp_1" at bad file path /openLANE_flow/designs/usb/runs/28-01_06-18/results/magic/sky130_fd_sc_hd__dfxtp_1.mag.
The cell exists in the search paths at /home/vsduser/Desktop/work/tools/openlane_working_dir/pdks/sky130A/libs.ref/sky130_fd_sc_hd/maglef/sky130_fd_sc_hd__dfxtp_1.mag.
The discovered version will be used.
Warning:  Parent cell lists instance of "sky130_fd_sc_hd__mux2_1" at bad file path /openLANE_flow/designs/usb/runs/28-01_06-18/results/magic/sky130_fd_sc_hd__mux2_1.mag.
The cell exists in the search paths at /home/vsduser/Desktop/work/tools/openlane_working_dir/pdks/sky130A/libs.ref/sky130_fd_sc_hd/maglef/sky130_fd_sc_hd__mux2_1.mag.
The discovered version will be used.
Warning:  Parent cell lists instance of "sky130_fd_sc_hd__o31ai_1" at bad file path /openLANE_flow/designs/usb/runs/28-01_06-18/results/magic/sky130_fd_sc_hd__o31ai_1.mag.
The cell exists in the search paths at /home/vsduser/Desktop/work/tools/openlane_working_dir/pdks/sky130A/libs.ref/sky130_fd_sc_hd/maglef/sky130_fd_sc_hd__o31ai_1.mag.
The discovered version will be used.
Warning:  Parent cell lists instance of "sky130_fd_sc_hd__dfrtp_4" at bad file path /openLANE_flow/designs/usb/runs/28-01_06-18/results/magic/sky130_fd_sc_hd__dfrtp_4.mag.
The cell exists in the search paths at /home/vsduser/Desktop/work/tools/openlane_working_dir/pdks/sky130A/libs.ref/sky130_fd_sc_hd/maglef/sky130_fd_sc_hd__dfrtp_4.mag.
The discovered version will be used.
Warning:  Parent cell lists instance of "sky130_fd_sc_hd__dfrtp_1" at bad file path /openLANE_flow/designs/usb/runs/28-01_06-18/results/magic/sky130_fd_sc_hd__dfrtp_1.mag.
The cell exists in the search paths at /home/vsduser/Desktop/work/tools/openlane_working_dir/pdks/sky130A/libs.ref/sky130_fd_sc_hd/maglef/sky130_fd_sc_hd__dfrtp_1.mag.
The discovered version will be used.
Warning:  Parent cell lists instance of "sky130_fd_sc_hd__nor2_1" at bad file path /openLANE_flow/designs/usb/runs/28-01_06-18/results/magic/sky130_fd_sc_hd__nor2_1.mag.
The cell exists in the search paths at /home/vsduser/Desktop/work/tools/openlane_working_dir/pdks/sky130A/libs.ref/sky130_fd_sc_hd/maglef/sky130_fd_sc_hd__nor2_1.mag.
The discovered version will be used.
Warning:  Parent cell lists instance of "sky130_fd_sc_hd__nor3b_2" at bad file path /openLANE_flow/designs/usb/runs/28-01_06-18/results/magic/sky130_fd_sc_hd__nor3b_2.mag.
The cell exists in the search paths at /home/vsduser/Desktop/work/tools/openlane_working_dir/pdks/sky130A/libs.ref/sky130_fd_sc_hd/maglef/sky130_fd_sc_hd__nor3b_2.mag.
The discovered version will be used.
Warning:  Parent cell lists instance of "sky130_fd_sc_hd__a31o_1" at bad file path /openLANE_flow/designs/usb/runs/28-01_06-18/results/magic/sky130_fd_sc_hd__a31o_1.mag.
The cell exists in the search paths at /home/vsduser/Desktop/work/tools/openlane_working_dir/pdks/sky130A/libs.ref/sky130_fd_sc_hd/maglef/sky130_fd_sc_hd__a31o_1.mag.
The discovered version will be used.
Warning:  Parent cell lists instance of "sky130_fd_sc_hd__or4_4" at bad file path /openLANE_flow/designs/usb/runs/28-01_06-18/results/magic/sky130_fd_sc_hd__or4_4.mag.
The cell exists in the search paths at /home/vsduser/Desktop/work/tools/openlane_working_dir/pdks/sky130A/libs.ref/sky130_fd_sc_hd/maglef/sky130_fd_sc_hd__or4_4.mag.
The discovered version will be used.
Warning:  Parent cell lists instance of "sky130_fd_sc_hd__nand2_1" at bad file path /openLANE_flow/designs/usb/runs/28-01_06-18/results/magic/sky130_fd_sc_hd__nand2_1.mag.
The cell exists in the search paths at /home/vsduser/Desktop/work/tools/openlane_working_dir/pdks/sky130A/libs.ref/sky130_fd_sc_hd/maglef/sky130_fd_sc_hd__nand2_1.mag.
The discovered version will be used.
Warning:  Parent cell lists instance of "sky130_fd_sc_hd__buf_1" at bad file path /openLANE_flow/designs/usb/runs/28-01_06-18/results/magic/sky130_fd_sc_hd__buf_1.mag.
The cell exists in the search paths at /home/vsduser/Desktop/work/tools/openlane_working_dir/pdks/sky130A/libs.ref/sky130_fd_sc_hd/maglef/sky130_fd_sc_hd__buf_1.mag.
The discovered version will be used.
Warning:  Parent cell lists instance of "sky130_fd_sc_hd__a21oi_1" at bad file path /openLANE_flow/designs/usb/runs/28-01_06-18/results/magic/sky130_fd_sc_hd__a21oi_1.mag.
The cell exists in the search paths at /home/vsduser/Desktop/work/tools/openlane_working_dir/pdks/sky130A/libs.ref/sky130_fd_sc_hd/maglef/sky130_fd_sc_hd__a21oi_1.mag.
The discovered version will be used.
Warning:  Parent cell lists instance of "sky130_fd_sc_hd__and2b_1" at bad file path /openLANE_flow/designs/usb/runs/28-01_06-18/results/magic/sky130_fd_sc_hd__and2b_1.mag.
The cell exists in the search paths at /home/vsduser/Desktop/work/tools/openlane_working_dir/pdks/sky130A/libs.ref/sky130_fd_sc_hd/maglef/sky130_fd_sc_hd__and2b_1.mag.
The discovered version will be used.
Warning:  Parent cell lists instance of "sky130_fd_sc_hd__and2_1" at bad file path /openLANE_flow/designs/usb/runs/28-01_06-18/results/magic/sky130_fd_sc_hd__and2_1.mag.
The cell exists in the search paths at /home/vsduser/Desktop/work/tools/openlane_working_dir/pdks/sky130A/libs.ref/sky130_fd_sc_hd/maglef/sky130_fd_sc_hd__and2_1.mag.
The discovered version will be used.
Warning:  Parent cell lists instance of "sky130_fd_sc_hd__nor2_2" at bad file path /openLANE_flow/designs/usb/runs/28-01_06-18/results/magic/sky130_fd_sc_hd__nor2_2.mag.
The cell exists in the search paths at /home/vsduser/Desktop/work/tools/openlane_working_dir/pdks/sky130A/libs.ref/sky130_fd_sc_hd/maglef/sky130_fd_sc_hd__nor2_2.mag.
The discovered version will be used.
Warning:  Parent cell lists instance of "sky130_fd_sc_hd__nand3_4" at bad file path /openLANE_flow/designs/usb/runs/28-01_06-18/results/magic/sky130_fd_sc_hd__nand3_4.mag.
The cell exists in the search paths at /home/vsduser/Desktop/work/tools/openlane_working_dir/pdks/sky130A/libs.ref/sky130_fd_sc_hd/maglef/sky130_fd_sc_hd__nand3_4.mag.
The discovered version will be used.
Warning:  Parent cell lists instance of "sky130_fd_sc_hd__nand3b_4" at bad file path /openLANE_flow/designs/usb/runs/28-01_06-18/results/magic/sky130_fd_sc_hd__nand3b_4.mag.
The cell exists in the search paths at /home/vsduser/Desktop/work/tools/openlane_working_dir/pdks/sky130A/libs.ref/sky130_fd_sc_hd/maglef/sky130_fd_sc_hd__nand3b_4.mag.
The discovered version will be used.
Warning:  Parent cell lists instance of "sky130_fd_sc_hd__o21ai_1" at bad file path /openLANE_flow/designs/usb/runs/28-01_06-18/results/magic/sky130_fd_sc_hd__o21ai_1.mag.
The cell exists in the search paths at /home/vsduser/Desktop/work/tools/openlane_working_dir/pdks/sky130A/libs.ref/sky130_fd_sc_hd/maglef/sky130_fd_sc_hd__o21ai_1.mag.
The discovered version will be used.
Warning:  Parent cell lists instance of "sky130_fd_sc_hd__nor3_4" at bad file path /openLANE_flow/designs/usb/runs/28-01_06-18/results/magic/sky130_fd_sc_hd__nor3_4.mag.
The cell exists in the search paths at /home/vsduser/Desktop/work/tools/openlane_working_dir/pdks/sky130A/libs.ref/sky130_fd_sc_hd/maglef/sky130_fd_sc_hd__nor3_4.mag.
The discovered version will be used.
Warning:  Parent cell lists instance of "sky130_fd_sc_hd__nand3b_1" at bad file path /openLANE_flow/designs/usb/runs/28-01_06-18/results/magic/sky130_fd_sc_hd__nand3b_1.mag.
The cell exists in the search paths at /home/vsduser/Desktop/work/tools/openlane_working_dir/pdks/sky130A/libs.ref/sky130_fd_sc_hd/maglef/sky130_fd_sc_hd__nand3b_1.mag.
The discovered version will be used.
Warning:  Parent cell lists instance of "sky130_fd_sc_hd__and3_1" at bad file path /openLANE_flow/designs/usb/runs/28-01_06-18/results/magic/sky130_fd_sc_hd__and3_1.mag.
The cell exists in the search paths at /home/vsduser/Desktop/work/tools/openlane_working_dir/pdks/sky130A/libs.ref/sky130_fd_sc_hd/maglef/sky130_fd_sc_hd__and3_1.mag.
The discovered version will be used.
Warning:  Parent cell lists instance of "sky130_fd_sc_hd__nor2b_1" at bad file path /openLANE_flow/designs/usb/runs/28-01_06-18/results/magic/sky130_fd_sc_hd__nor2b_1.mag.
The cell exists in the search paths at /home/vsduser/Desktop/work/tools/openlane_working_dir/pdks/sky130A/libs.ref/sky130_fd_sc_hd/maglef/sky130_fd_sc_hd__nor2b_1.mag.
The discovered version will be used.
Warning:  Parent cell lists instance of "sky130_fd_sc_hd__o22a_1" at bad file path /openLANE_flow/designs/usb/runs/28-01_06-18/results/magic/sky130_fd_sc_hd__o22a_1.mag.
The cell exists in the search paths at /home/vsduser/Desktop/work/tools/openlane_working_dir/pdks/sky130A/libs.ref/sky130_fd_sc_hd/maglef/sky130_fd_sc_hd__o22a_1.mag.
The discovered version will be used.
Warning:  Parent cell lists instance of "sky130_fd_sc_hd__dfxtp_2" at bad file path /openLANE_flow/designs/usb/runs/28-01_06-18/results/magic/sky130_fd_sc_hd__dfxtp_2.mag.
The cell exists in the search paths at /home/vsduser/Desktop/work/tools/openlane_working_dir/pdks/sky130A/libs.ref/sky130_fd_sc_hd/maglef/sky130_fd_sc_hd__dfxtp_2.mag.
The discovered version will be used.
Warning:  Parent cell lists instance of "sky130_fd_sc_hd__or3b_4" at bad file path /openLANE_flow/designs/usb/runs/28-01_06-18/results/magic/sky130_fd_sc_hd__or3b_4.mag.
The cell exists in the search paths at /home/vsduser/Desktop/work/tools/openlane_working_dir/pdks/sky130A/libs.ref/sky130_fd_sc_hd/maglef/sky130_fd_sc_hd__or3b_4.mag.
The discovered version will be used.
Warning:  Parent cell lists instance of "sky130_fd_sc_hd__a31oi_1" at bad file path /openLANE_flow/designs/usb/runs/28-01_06-18/results/magic/sky130_fd_sc_hd__a31oi_1.mag.
The cell exists in the search paths at /home/vsduser/Desktop/work/tools/openlane_working_dir/pdks/sky130A/libs.ref/sky130_fd_sc_hd/maglef/sky130_fd_sc_hd__a31oi_1.mag.
The discovered version will be used.
Warning:  Parent cell lists instance of "sky130_fd_sc_hd__nand3_1" at bad file path /openLANE_flow/designs/usb/runs/28-01_06-18/results/magic/sky130_fd_sc_hd__nand3_1.mag.
The cell exists in the search paths at /home/vsduser/Desktop/work/tools/openlane_working_dir/pdks/sky130A/libs.ref/sky130_fd_sc_hd/maglef/sky130_fd_sc_hd__nand3_1.mag.
The discovered version will be used.
Warning:  Parent cell lists instance of "sky130_fd_sc_hd__nor3_1" at bad file path /openLANE_flow/designs/usb/runs/28-01_06-18/results/magic/sky130_fd_sc_hd__nor3_1.mag.
The cell exists in the search paths at /home/vsduser/Desktop/work/tools/openlane_working_dir/pdks/sky130A/libs.ref/sky130_fd_sc_hd/maglef/sky130_fd_sc_hd__nor3_1.mag.
The discovered version will be used.
Warning:  Parent cell lists instance of "sky130_fd_sc_hd__or2_1" at bad file path /openLANE_flow/designs/usb/runs/28-01_06-18/results/magic/sky130_fd_sc_hd__or2_1.mag.
The cell exists in the search paths at /home/vsduser/Desktop/work/tools/openlane_working_dir/pdks/sky130A/libs.ref/sky130_fd_sc_hd/maglef/sky130_fd_sc_hd__or2_1.mag.
The discovered version will be used.
Warning:  Parent cell lists instance of "sky130_fd_sc_hd__o31a_1" at bad file path /openLANE_flow/designs/usb/runs/28-01_06-18/results/magic/sky130_fd_sc_hd__o31a_1.mag.
The cell exists in the search paths at /home/vsduser/Desktop/work/tools/openlane_working_dir/pdks/sky130A/libs.ref/sky130_fd_sc_hd/maglef/sky130_fd_sc_hd__o31a_1.mag.
The discovered version will be used.
Warning:  Parent cell lists instance of "sky130_fd_sc_hd__a21o_1" at bad file path /openLANE_flow/designs/usb/runs/28-01_06-18/results/magic/sky130_fd_sc_hd__a21o_1.mag.
The cell exists in the search paths at /home/vsduser/Desktop/work/tools/openlane_working_dir/pdks/sky130A/libs.ref/sky130_fd_sc_hd/maglef/sky130_fd_sc_hd__a21o_1.mag.
The discovered version will be used.
Warning:  Parent cell lists instance of "sky130_fd_sc_hd__mux2_2" at bad file path /openLANE_flow/designs/usb/runs/28-01_06-18/results/magic/sky130_fd_sc_hd__mux2_2.mag.
The cell exists in the search paths at /home/vsduser/Desktop/work/tools/openlane_working_dir/pdks/sky130A/libs.ref/sky130_fd_sc_hd/maglef/sky130_fd_sc_hd__mux2_2.mag.
The discovered version will be used.
Warning:  Parent cell lists instance of "sky130_fd_sc_hd__or2_2" at bad file path /openLANE_flow/designs/usb/runs/28-01_06-18/results/magic/sky130_fd_sc_hd__or2_2.mag.
The cell exists in the search paths at /home/vsduser/Desktop/work/tools/openlane_working_dir/pdks/sky130A/libs.ref/sky130_fd_sc_hd/maglef/sky130_fd_sc_hd__or2_2.mag.
The discovered version will be used.
Warning:  Parent cell lists instance of "sky130_fd_sc_hd__nand2_2" at bad file path /openLANE_flow/designs/usb/runs/28-01_06-18/results/magic/sky130_fd_sc_hd__nand2_2.mag.
The cell exists in the search paths at /home/vsduser/Desktop/work/tools/openlane_working_dir/pdks/sky130A/libs.ref/sky130_fd_sc_hd/maglef/sky130_fd_sc_hd__nand2_2.mag.
The discovered version will be used.
Warning:  Parent cell lists instance of "sky130_fd_sc_hd__buf_8" at bad file path /openLANE_flow/designs/usb/runs/28-01_06-18/results/magic/sky130_fd_sc_hd__buf_8.mag.
The cell exists in the search paths at /home/vsduser/Desktop/work/tools/openlane_working_dir/pdks/sky130A/libs.ref/sky130_fd_sc_hd/maglef/sky130_fd_sc_hd__buf_8.mag.
The discovered version will be used.
Warning:  Parent cell lists instance of "sky130_fd_sc_hd__xnor2_1" at bad file path /openLANE_flow/designs/usb/runs/28-01_06-18/results/magic/sky130_fd_sc_hd__xnor2_1.mag.
The cell exists in the search paths at /home/vsduser/Desktop/work/tools/openlane_working_dir/pdks/sky130A/libs.ref/sky130_fd_sc_hd/maglef/sky130_fd_sc_hd__xnor2_1.mag.
The discovered version will be used.
Warning:  Parent cell lists instance of "sky130_fd_sc_hd__a21oi_4" at bad file path /openLANE_flow/designs/usb/runs/28-01_06-18/results/magic/sky130_fd_sc_hd__a21oi_4.mag.
The cell exists in the search paths at /home/vsduser/Desktop/work/tools/openlane_working_dir/pdks/sky130A/libs.ref/sky130_fd_sc_hd/maglef/sky130_fd_sc_hd__a21oi_4.mag.
The discovered version will be used.
Warning:  Parent cell lists instance of "sky130_fd_sc_hd__o21ai_2" at bad file path /openLANE_flow/designs/usb/runs/28-01_06-18/results/magic/sky130_fd_sc_hd__o21ai_2.mag.
The cell exists in the search paths at /home/vsduser/Desktop/work/tools/openlane_working_dir/pdks/sky130A/libs.ref/sky130_fd_sc_hd/maglef/sky130_fd_sc_hd__o21ai_2.mag.
The discovered version will be used.
Warning:  Parent cell lists instance of "sky130_fd_sc_hd__a21o_2" at bad file path /openLANE_flow/designs/usb/runs/28-01_06-18/results/magic/sky130_fd_sc_hd__a21o_2.mag.
The cell exists in the search paths at /home/vsduser/Desktop/work/tools/openlane_working_dir/pdks/sky130A/libs.ref/sky130_fd_sc_hd/maglef/sky130_fd_sc_hd__a21o_2.mag.
The discovered version will be used.
Warning:  Parent cell lists instance of "sky130_fd_sc_hd__nor2_8" at bad file path /openLANE_flow/designs/usb/runs/28-01_06-18/results/magic/sky130_fd_sc_hd__nor2_8.mag.
The cell exists in the search paths at /home/vsduser/Desktop/work/tools/openlane_working_dir/pdks/sky130A/libs.ref/sky130_fd_sc_hd/maglef/sky130_fd_sc_hd__nor2_8.mag.
The discovered version will be used.
Warning:  Parent cell lists instance of "sky130_fd_sc_hd__a21oi_2" at bad file path /openLANE_flow/designs/usb/runs/28-01_06-18/results/magic/sky130_fd_sc_hd__a21oi_2.mag.
The cell exists in the search paths at /home/vsduser/Desktop/work/tools/openlane_working_dir/pdks/sky130A/libs.ref/sky130_fd_sc_hd/maglef/sky130_fd_sc_hd__a21oi_2.mag.
The discovered version will be used.
Warning:  Parent cell lists instance of "sky130_fd_sc_hd__a21bo_1" at bad file path /openLANE_flow/designs/usb/runs/28-01_06-18/results/magic/sky130_fd_sc_hd__a21bo_1.mag.
The cell exists in the search paths at /home/vsduser/Desktop/work/tools/openlane_working_dir/pdks/sky130A/libs.ref/sky130_fd_sc_hd/maglef/sky130_fd_sc_hd__a21bo_1.mag.
The discovered version will be used.
Warning:  Parent cell lists instance of "sky130_fd_sc_hd__o21bai_4" at bad file path /openLANE_flow/designs/usb/runs/28-01_06-18/results/magic/sky130_fd_sc_hd__o21bai_4.mag.
The cell exists in the search paths at /home/vsduser/Desktop/work/tools/openlane_working_dir/pdks/sky130A/libs.ref/sky130_fd_sc_hd/maglef/sky130_fd_sc_hd__o21bai_4.mag.
The discovered version will be used.
Warning:  Parent cell lists instance of "sky130_fd_sc_hd__inv_4" at bad file path /openLANE_flow/designs/usb/runs/28-01_06-18/results/magic/sky130_fd_sc_hd__inv_4.mag.
The cell exists in the search paths at /home/vsduser/Desktop/work/tools/openlane_working_dir/pdks/sky130A/libs.ref/sky130_fd_sc_hd/maglef/sky130_fd_sc_hd__inv_4.mag.
The discovered version will be used.
Warning:  Parent cell lists instance of "sky130_fd_sc_hd__dfrtp_2" at bad file path /openLANE_flow/designs/usb/runs/28-01_06-18/results/magic/sky130_fd_sc_hd__dfrtp_2.mag.
The cell exists in the search paths at /home/vsduser/Desktop/work/tools/openlane_working_dir/pdks/sky130A/libs.ref/sky130_fd_sc_hd/maglef/sky130_fd_sc_hd__dfrtp_2.mag.
The discovered version will be used.
Warning:  Parent cell lists instance of "sky130_fd_sc_hd__clkbuf_4" at bad file path /openLANE_flow/designs/usb/runs/28-01_06-18/results/magic/sky130_fd_sc_hd__clkbuf_4.mag.
The cell exists in the search paths at /home/vsduser/Desktop/work/tools/openlane_working_dir/pdks/sky130A/libs.ref/sky130_fd_sc_hd/maglef/sky130_fd_sc_hd__clkbuf_4.mag.
The discovered version will be used.
Warning:  Parent cell lists instance of "sky130_fd_sc_hd__buf_6" at bad file path /openLANE_flow/designs/usb/runs/28-01_06-18/results/magic/sky130_fd_sc_hd__buf_6.mag.
The cell exists in the search paths at /home/vsduser/Desktop/work/tools/openlane_working_dir/pdks/sky130A/libs.ref/sky130_fd_sc_hd/maglef/sky130_fd_sc_hd__buf_6.mag.
The discovered version will be used.
Warning:  Parent cell lists instance of "sky130_fd_sc_hd__a31oi_4" at bad file path /openLANE_flow/designs/usb/runs/28-01_06-18/results/magic/sky130_fd_sc_hd__a31oi_4.mag.
The cell exists in the search paths at /home/vsduser/Desktop/work/tools/openlane_working_dir/pdks/sky130A/libs.ref/sky130_fd_sc_hd/maglef/sky130_fd_sc_hd__a31oi_4.mag.
The discovered version will be used.
Warning:  Parent cell lists instance of "sky130_fd_sc_hd__nand2b_1" at bad file path /openLANE_flow/designs/usb/runs/28-01_06-18/results/magic/sky130_fd_sc_hd__nand2b_1.mag.
The cell exists in the search paths at /home/vsduser/Desktop/work/tools/openlane_working_dir/pdks/sky130A/libs.ref/sky130_fd_sc_hd/maglef/sky130_fd_sc_hd__nand2b_1.mag.
The discovered version will be used.
Warning:  Parent cell lists instance of "sky130_fd_sc_hd__a311o_1" at bad file path /openLANE_flow/designs/usb/runs/28-01_06-18/results/magic/sky130_fd_sc_hd__a311o_1.mag.
The cell exists in the search paths at /home/vsduser/Desktop/work/tools/openlane_working_dir/pdks/sky130A/libs.ref/sky130_fd_sc_hd/maglef/sky130_fd_sc_hd__a311o_1.mag.
The discovered version will be used.
Warning:  Parent cell lists instance of "sky130_fd_sc_hd__nand3b_2" at bad file path /openLANE_flow/designs/usb/runs/28-01_06-18/results/magic/sky130_fd_sc_hd__nand3b_2.mag.
The cell exists in the search paths at /home/vsduser/Desktop/work/tools/openlane_working_dir/pdks/sky130A/libs.ref/sky130_fd_sc_hd/maglef/sky130_fd_sc_hd__nand3b_2.mag.
The discovered version will be used.
Warning:  Parent cell lists instance of "sky130_fd_sc_hd__a32o_1" at bad file path /openLANE_flow/designs/usb/runs/28-01_06-18/results/magic/sky130_fd_sc_hd__a32o_1.mag.
The cell exists in the search paths at /home/vsduser/Desktop/work/tools/openlane_working_dir/pdks/sky130A/libs.ref/sky130_fd_sc_hd/maglef/sky130_fd_sc_hd__a32o_1.mag.
The discovered version will be used.
Warning:  Parent cell lists instance of "sky130_fd_sc_hd__o21ba_1" at bad file path /openLANE_flow/designs/usb/runs/28-01_06-18/results/magic/sky130_fd_sc_hd__o21ba_1.mag.
The cell exists in the search paths at /home/vsduser/Desktop/work/tools/openlane_working_dir/pdks/sky130A/libs.ref/sky130_fd_sc_hd/maglef/sky130_fd_sc_hd__o21ba_1.mag.
The discovered version will be used.
Warning:  Parent cell lists instance of "sky130_fd_sc_hd__and3_4" at bad file path /openLANE_flow/designs/usb/runs/28-01_06-18/results/magic/sky130_fd_sc_hd__and3_4.mag.
The cell exists in the search paths at /home/vsduser/Desktop/work/tools/openlane_working_dir/pdks/sky130A/libs.ref/sky130_fd_sc_hd/maglef/sky130_fd_sc_hd__and3_4.mag.
The discovered version will be used.
Warning:  Parent cell lists instance of "sky130_fd_sc_hd__a211oi_4" at bad file path /openLANE_flow/designs/usb/runs/28-01_06-18/results/magic/sky130_fd_sc_hd__a211oi_4.mag.
The cell exists in the search paths at /home/vsduser/Desktop/work/tools/openlane_working_dir/pdks/sky130A/libs.ref/sky130_fd_sc_hd/maglef/sky130_fd_sc_hd__a211oi_4.mag.
The discovered version will be used.
Warning:  Parent cell lists instance of "sky130_fd_sc_hd__nor2_4" at bad file path /openLANE_flow/designs/usb/runs/28-01_06-18/results/magic/sky130_fd_sc_hd__nor2_4.mag.
The cell exists in the search paths at /home/vsduser/Desktop/work/tools/openlane_working_dir/pdks/sky130A/libs.ref/sky130_fd_sc_hd/maglef/sky130_fd_sc_hd__nor2_4.mag.
The discovered version will be used.
Warning:  Parent cell lists instance of "sky130_fd_sc_hd__o211ai_4" at bad file path /openLANE_flow/designs/usb/runs/28-01_06-18/results/magic/sky130_fd_sc_hd__o211ai_4.mag.
The cell exists in the search paths at /home/vsduser/Desktop/work/tools/openlane_working_dir/pdks/sky130A/libs.ref/sky130_fd_sc_hd/maglef/sky130_fd_sc_hd__o211ai_4.mag.
The discovered version will be used.
Warning:  Parent cell lists instance of "sky130_fd_sc_hd__a22o_1" at bad file path /openLANE_flow/designs/usb/runs/28-01_06-18/results/magic/sky130_fd_sc_hd__a22o_1.mag.
The cell exists in the search paths at /home/vsduser/Desktop/work/tools/openlane_working_dir/pdks/sky130A/libs.ref/sky130_fd_sc_hd/maglef/sky130_fd_sc_hd__a22o_1.mag.
The discovered version will be used.
Warning:  Parent cell lists instance of "sky130_fd_sc_hd__o31ai_2" at bad file path /openLANE_flow/designs/usb/runs/28-01_06-18/results/magic/sky130_fd_sc_hd__o31ai_2.mag.
The cell exists in the search paths at /home/vsduser/Desktop/work/tools/openlane_working_dir/pdks/sky130A/libs.ref/sky130_fd_sc_hd/maglef/sky130_fd_sc_hd__o31ai_2.mag.
The discovered version will be used.
Warning:  Parent cell lists instance of "sky130_fd_sc_hd__o2bb2ai_1" at bad file path /openLANE_flow/designs/usb/runs/28-01_06-18/results/magic/sky130_fd_sc_hd__o2bb2ai_1.mag.
The cell exists in the search paths at /home/vsduser/Desktop/work/tools/openlane_working_dir/pdks/sky130A/libs.ref/sky130_fd_sc_hd/maglef/sky130_fd_sc_hd__o2bb2ai_1.mag.
The discovered version will be used.
Warning:  Parent cell lists instance of "sky130_fd_sc_hd__a2bb2o_1" at bad file path /openLANE_flow/designs/usb/runs/28-01_06-18/results/magic/sky130_fd_sc_hd__a2bb2o_1.mag.
The cell exists in the search paths at /home/vsduser/Desktop/work/tools/openlane_working_dir/pdks/sky130A/libs.ref/sky130_fd_sc_hd/maglef/sky130_fd_sc_hd__a2bb2o_1.mag.
The discovered version will be used.
Warning:  Parent cell lists instance of "sky130_fd_sc_hd__o2111ai_4" at bad file path /openLANE_flow/designs/usb/runs/28-01_06-18/results/magic/sky130_fd_sc_hd__o2111ai_4.mag.
The cell exists in the search paths at /home/vsduser/Desktop/work/tools/openlane_working_dir/pdks/sky130A/libs.ref/sky130_fd_sc_hd/maglef/sky130_fd_sc_hd__o2111ai_4.mag.
The discovered version will be used.
Warning:  Parent cell lists instance of "sky130_fd_sc_hd__nand2_4" at bad file path /openLANE_flow/designs/usb/runs/28-01_06-18/results/magic/sky130_fd_sc_hd__nand2_4.mag.
The cell exists in the search paths at /home/vsduser/Desktop/work/tools/openlane_working_dir/pdks/sky130A/libs.ref/sky130_fd_sc_hd/maglef/sky130_fd_sc_hd__nand2_4.mag.
The discovered version will be used.
Warning:  Parent cell lists instance of "sky130_fd_sc_hd__o21a_1" at bad file path /openLANE_flow/designs/usb/runs/28-01_06-18/results/magic/sky130_fd_sc_hd__o21a_1.mag.
The cell exists in the search paths at /home/vsduser/Desktop/work/tools/openlane_working_dir/pdks/sky130A/libs.ref/sky130_fd_sc_hd/maglef/sky130_fd_sc_hd__o21a_1.mag.
The discovered version will be used.
Warning:  Parent cell lists instance of "sky130_fd_sc_hd__or3_1" at bad file path /openLANE_flow/designs/usb/runs/28-01_06-18/results/magic/sky130_fd_sc_hd__or3_1.mag.
The cell exists in the search paths at /home/vsduser/Desktop/work/tools/openlane_working_dir/pdks/sky130A/libs.ref/sky130_fd_sc_hd/maglef/sky130_fd_sc_hd__or3_1.mag.
The discovered version will be used.
Warning:  Parent cell lists instance of "sky130_fd_sc_hd__o32ai_4" at bad file path /openLANE_flow/designs/usb/runs/28-01_06-18/results/magic/sky130_fd_sc_hd__o32ai_4.mag.
The cell exists in the search paths at /home/vsduser/Desktop/work/tools/openlane_working_dir/pdks/sky130A/libs.ref/sky130_fd_sc_hd/maglef/sky130_fd_sc_hd__o32ai_4.mag.
The discovered version will be used.
Warning:  Parent cell lists instance of "sky130_fd_sc_hd__o221a_1" at bad file path /openLANE_flow/designs/usb/runs/28-01_06-18/results/magic/sky130_fd_sc_hd__o221a_1.mag.
The cell exists in the search paths at /home/vsduser/Desktop/work/tools/openlane_working_dir/pdks/sky130A/libs.ref/sky130_fd_sc_hd/maglef/sky130_fd_sc_hd__o221a_1.mag.
The discovered version will be used.
Warning:  Parent cell lists instance of "sky130_fd_sc_hd__and2_2" at bad file path /openLANE_flow/designs/usb/runs/28-01_06-18/results/magic/sky130_fd_sc_hd__and2_2.mag.
The cell exists in the search paths at /home/vsduser/Desktop/work/tools/openlane_working_dir/pdks/sky130A/libs.ref/sky130_fd_sc_hd/maglef/sky130_fd_sc_hd__and2_2.mag.
The discovered version will be used.
Warning:  Parent cell lists instance of "sky130_fd_sc_hd__xnor2_2" at bad file path /openLANE_flow/designs/usb/runs/28-01_06-18/results/magic/sky130_fd_sc_hd__xnor2_2.mag.
The cell exists in the search paths at /home/vsduser/Desktop/work/tools/openlane_working_dir/pdks/sky130A/libs.ref/sky130_fd_sc_hd/maglef/sky130_fd_sc_hd__xnor2_2.mag.
The discovered version will be used.
Warning:  Parent cell lists instance of "sky130_fd_sc_hd__o221ai_2" at bad file path /openLANE_flow/designs/usb/runs/28-01_06-18/results/magic/sky130_fd_sc_hd__o221ai_2.mag.
The cell exists in the search paths at /home/vsduser/Desktop/work/tools/openlane_working_dir/pdks/sky130A/libs.ref/sky130_fd_sc_hd/maglef/sky130_fd_sc_hd__o221ai_2.mag.
The discovered version will be used.
Warning:  Parent cell lists instance of "sky130_fd_sc_hd__o221ai_1" at bad file path /openLANE_flow/designs/usb/runs/28-01_06-18/results/magic/sky130_fd_sc_hd__o221ai_1.mag.
The cell exists in the search paths at /home/vsduser/Desktop/work/tools/openlane_working_dir/pdks/sky130A/libs.ref/sky130_fd_sc_hd/maglef/sky130_fd_sc_hd__o221ai_1.mag.
The discovered version will be used.
Warning:  Parent cell lists instance of "sky130_fd_sc_hd__a221oi_2" at bad file path /openLANE_flow/designs/usb/runs/28-01_06-18/results/magic/sky130_fd_sc_hd__a221oi_2.mag.
The cell exists in the search paths at /home/vsduser/Desktop/work/tools/openlane_working_dir/pdks/sky130A/libs.ref/sky130_fd_sc_hd/maglef/sky130_fd_sc_hd__a221oi_2.mag.
The discovered version will be used.
Warning:  Parent cell lists instance of "sky130_fd_sc_hd__o211a_1" at bad file path /openLANE_flow/designs/usb/runs/28-01_06-18/results/magic/sky130_fd_sc_hd__o211a_1.mag.
The cell exists in the search paths at /home/vsduser/Desktop/work/tools/openlane_working_dir/pdks/sky130A/libs.ref/sky130_fd_sc_hd/maglef/sky130_fd_sc_hd__o211a_1.mag.
The discovered version will be used.
Warning:  Parent cell lists instance of "sky130_fd_sc_hd__a41oi_1" at bad file path /openLANE_flow/designs/usb/runs/28-01_06-18/results/magic/sky130_fd_sc_hd__a41oi_1.mag.
The cell exists in the search paths at /home/vsduser/Desktop/work/tools/openlane_working_dir/pdks/sky130A/libs.ref/sky130_fd_sc_hd/maglef/sky130_fd_sc_hd__a41oi_1.mag.
The discovered version will be used.
Warning:  Parent cell lists instance of "sky130_fd_sc_hd__o211ai_2" at bad file path /openLANE_flow/designs/usb/runs/28-01_06-18/results/magic/sky130_fd_sc_hd__o211ai_2.mag.
The cell exists in the search paths at /home/vsduser/Desktop/work/tools/openlane_working_dir/pdks/sky130A/libs.ref/sky130_fd_sc_hd/maglef/sky130_fd_sc_hd__o211ai_2.mag.
The discovered version will be used.
Warning:  Parent cell lists instance of "sky130_fd_sc_hd__clkbuf_16" at bad file path /openLANE_flow/designs/usb/runs/28-01_06-18/results/magic/sky130_fd_sc_hd__clkbuf_16.mag.
The cell exists in the search paths at /home/vsduser/Desktop/work/tools/openlane_working_dir/pdks/sky130A/libs.ref/sky130_fd_sc_hd/maglef/sky130_fd_sc_hd__clkbuf_16.mag.
The discovered version will be used.
Warning:  Parent cell lists instance of "sky130_fd_sc_hd__a211o_1" at bad file path /openLANE_flow/designs/usb/runs/28-01_06-18/results/magic/sky130_fd_sc_hd__a211o_1.mag.
The cell exists in the search paths at /home/vsduser/Desktop/work/tools/openlane_working_dir/pdks/sky130A/libs.ref/sky130_fd_sc_hd/maglef/sky130_fd_sc_hd__a211o_1.mag.
The discovered version will be used.
Warning:  Parent cell lists instance of "sky130_fd_sc_hd__o22ai_4" at bad file path /openLANE_flow/designs/usb/runs/28-01_06-18/results/magic/sky130_fd_sc_hd__o22ai_4.mag.
The cell exists in the search paths at /home/vsduser/Desktop/work/tools/openlane_working_dir/pdks/sky130A/libs.ref/sky130_fd_sc_hd/maglef/sky130_fd_sc_hd__o22ai_4.mag.
The discovered version will be used.
Warning:  Parent cell lists instance of "sky130_fd_sc_hd__o2111a_1" at bad file path /openLANE_flow/designs/usb/runs/28-01_06-18/results/magic/sky130_fd_sc_hd__o2111a_1.mag.
The cell exists in the search paths at /home/vsduser/Desktop/work/tools/openlane_working_dir/pdks/sky130A/libs.ref/sky130_fd_sc_hd/maglef/sky130_fd_sc_hd__o2111a_1.mag.
The discovered version will be used.
Warning:  Parent cell lists instance of "sky130_fd_sc_hd__o221ai_4" at bad file path /openLANE_flow/designs/usb/runs/28-01_06-18/results/magic/sky130_fd_sc_hd__o221ai_4.mag.
The cell exists in the search paths at /home/vsduser/Desktop/work/tools/openlane_working_dir/pdks/sky130A/libs.ref/sky130_fd_sc_hd/maglef/sky130_fd_sc_hd__o221ai_4.mag.
The discovered version will be used.
Warning:  Parent cell lists instance of "sky130_fd_sc_hd__or2b_1" at bad file path /openLANE_flow/designs/usb/runs/28-01_06-18/results/magic/sky130_fd_sc_hd__or2b_1.mag.
The cell exists in the search paths at /home/vsduser/Desktop/work/tools/openlane_working_dir/pdks/sky130A/libs.ref/sky130_fd_sc_hd/maglef/sky130_fd_sc_hd__or2b_1.mag.
The discovered version will be used.
Warning:  Parent cell lists instance of "sky130_fd_sc_hd__a22oi_1" at bad file path /openLANE_flow/designs/usb/runs/28-01_06-18/results/magic/sky130_fd_sc_hd__a22oi_1.mag.
The cell exists in the search paths at /home/vsduser/Desktop/work/tools/openlane_working_dir/pdks/sky130A/libs.ref/sky130_fd_sc_hd/maglef/sky130_fd_sc_hd__a22oi_1.mag.
The discovered version will be used.
Warning:  Parent cell lists instance of "sky130_fd_sc_hd__and3_2" at bad file path /openLANE_flow/designs/usb/runs/28-01_06-18/results/magic/sky130_fd_sc_hd__and3_2.mag.
The cell exists in the search paths at /home/vsduser/Desktop/work/tools/openlane_working_dir/pdks/sky130A/libs.ref/sky130_fd_sc_hd/maglef/sky130_fd_sc_hd__and3_2.mag.
The discovered version will be used.
Warning:  Parent cell lists instance of "sky130_fd_sc_hd__clkbuf_8" at bad file path /openLANE_flow/designs/usb/runs/28-01_06-18/results/magic/sky130_fd_sc_hd__clkbuf_8.mag.
The cell exists in the search paths at /home/vsduser/Desktop/work/tools/openlane_working_dir/pdks/sky130A/libs.ref/sky130_fd_sc_hd/maglef/sky130_fd_sc_hd__clkbuf_8.mag.
The discovered version will be used.
Warning:  Parent cell lists instance of "sky130_fd_sc_hd__nand3_2" at bad file path /openLANE_flow/designs/usb/runs/28-01_06-18/results/magic/sky130_fd_sc_hd__nand3_2.mag.
The cell exists in the search paths at /home/vsduser/Desktop/work/tools/openlane_working_dir/pdks/sky130A/libs.ref/sky130_fd_sc_hd/maglef/sky130_fd_sc_hd__nand3_2.mag.
The discovered version will be used.
Warning:  Parent cell lists instance of "sky130_fd_sc_hd__a211oi_2" at bad file path /openLANE_flow/designs/usb/runs/28-01_06-18/results/magic/sky130_fd_sc_hd__a211oi_2.mag.
The cell exists in the search paths at /home/vsduser/Desktop/work/tools/openlane_working_dir/pdks/sky130A/libs.ref/sky130_fd_sc_hd/maglef/sky130_fd_sc_hd__a211oi_2.mag.
The discovered version will be used.
Warning:  Parent cell lists instance of "sky130_fd_sc_hd__o211ai_1" at bad file path /openLANE_flow/designs/usb/runs/28-01_06-18/results/magic/sky130_fd_sc_hd__o211ai_1.mag.
The cell exists in the search paths at /home/vsduser/Desktop/work/tools/openlane_working_dir/pdks/sky130A/libs.ref/sky130_fd_sc_hd/maglef/sky130_fd_sc_hd__o211ai_1.mag.
The discovered version will be used.
Warning:  Parent cell lists instance of "sky130_fd_sc_hd__o22ai_1" at bad file path /openLANE_flow/designs/usb/runs/28-01_06-18/results/magic/sky130_fd_sc_hd__o22ai_1.mag.
The cell exists in the search paths at /home/vsduser/Desktop/work/tools/openlane_working_dir/pdks/sky130A/libs.ref/sky130_fd_sc_hd/maglef/sky130_fd_sc_hd__o22ai_1.mag.
The discovered version will be used.
Warning:  Parent cell lists instance of "sky130_fd_sc_hd__xor2_1" at bad file path /openLANE_flow/designs/usb/runs/28-01_06-18/results/magic/sky130_fd_sc_hd__xor2_1.mag.
The cell exists in the search paths at /home/vsduser/Desktop/work/tools/openlane_working_dir/pdks/sky130A/libs.ref/sky130_fd_sc_hd/maglef/sky130_fd_sc_hd__xor2_1.mag.
The discovered version will be used.
Diagnostic:  Scale value is 0.005000
Processing timestamp mismatches: sky130_fd_sc_hd__xor2_1, sky130_fd_sc_hd__o22ai_1, sky130_fd_sc_hd__o211ai_1, sky130_fd_sc_hd__a211oi_2, sky130_fd_sc_hd__nand3_2, sky130_fd_sc_hd__clkbuf_8, sky130_fd_sc_hd__and3_2, sky130_fd_sc_hd__a22oi_1, sky130_fd_sc_hd__or2b_1, sky130_fd_sc_hd__o221ai_4, sky130_fd_sc_hd__o2111a_1, sky130_fd_sc_hd__o22ai_4, sky130_fd_sc_hd__a211o_1, sky130_fd_sc_hd__clkbuf_16, sky130_fd_sc_hd__o211ai_2, sky130_fd_sc_hd__a41oi_1, sky130_fd_sc_hd__o211a_1, sky130_fd_sc_hd__a221oi_2, sky130_fd_sc_hd__o221ai_1, sky130_fd_sc_hd__o221ai_2, sky130_fd_sc_hd__xnor2_2, sky130_fd_sc_hd__and2_2, sky130_fd_sc_hd__o221a_1, sky130_fd_sc_hd__o32ai_4, sky130_fd_sc_hd__or3_1, sky130_fd_sc_hd__o21a_1, sky130_fd_sc_hd__nand2_4, sky130_fd_sc_hd__o2111ai_4, sky130_fd_sc_hd__a2bb2o_1, sky130_fd_sc_hd__o2bb2ai_1, sky130_fd_sc_hd__o31ai_2, sky130_fd_sc_hd__a22o_1, sky130_fd_sc_hd__o211ai_4, sky130_fd_sc_hd__nor2_4, sky130_fd_sc_hd__a211oi_4, sky130_fd_sc_hd__and3_4, sky130_fd_sc_hd__o21ba_1, sky130_fd_sc_hd__a32o_1, sky130_fd_sc_hd__nand3b_2, sky130_fd_sc_hd__a311o_1, sky130_fd_sc_hd__nand2b_1, sky130_fd_sc_hd__a31oi_4, sky130_fd_sc_hd__buf_6, sky130_fd_sc_hd__clkbuf_4, sky130_fd_sc_hd__dfrtp_2, sky130_fd_sc_hd__inv_4, sky130_fd_sc_hd__o21bai_4, sky130_fd_sc_hd__a21bo_1, sky130_fd_sc_hd__a21oi_2, sky130_fd_sc_hd__nor2_8, sky130_fd_sc_hd__a21o_2, sky130_fd_sc_hd__o21ai_2, sky130_fd_sc_hd__a21oi_4, sky130_fd_sc_hd__xnor2_1, sky130_fd_sc_hd__buf_8, sky130_fd_sc_hd__nand2_2, sky130_fd_sc_hd__or2_2, sky130_fd_sc_hd__mux2_2, sky130_fd_sc_hd__a21o_1, sky130_fd_sc_hd__o31a_1, sky130_fd_sc_hd__or2_1, sky130_fd_sc_hd__nor3_1, sky130_fd_sc_hd__nand3_1, sky130_fd_sc_hd__a31oi_1, sky130_fd_sc_hd__or3b_4, sky130_fd_sc_hd__dfxtp_2, sky130_fd_sc_hd__o22a_1, sky130_fd_sc_hd__nor2b_1, sky130_fd_sc_hd__and3_1, sky130_fd_sc_hd__nand3b_1, sky130_fd_sc_hd__nor3_4, sky130_fd_sc_hd__o21ai_1, sky130_fd_sc_hd__nand3b_4, sky130_fd_sc_hd__nand3_4, sky130_fd_sc_hd__nor2_2, sky130_fd_sc_hd__and2_1, sky130_fd_sc_hd__and2b_1, sky130_fd_sc_hd__a21oi_1, sky130_fd_sc_hd__buf_1, sky130_fd_sc_hd__nand2_1, sky130_fd_sc_hd__or4_4, sky130_fd_sc_hd__a31o_1, sky130_fd_sc_hd__nor3b_2, sky130_fd_sc_hd__nor2_1, sky130_fd_sc_hd__dfrtp_1, sky130_fd_sc_hd__dfrtp_4, sky130_fd_sc_hd__o31ai_1, sky130_fd_sc_hd__mux2_1, sky130_fd_sc_hd__dfxtp_1, sky130_fd_sc_hd__fill_2, sky130_fd_sc_hd__dfstp_1, sky130_fd_sc_hd__buf_4, sky130_fd_sc_hd__decap_6, sky130_fd_sc_hd__inv_2, sky130_fd_sc_hd__clkbuf_1, sky130_fd_sc_hd__buf_2, sky130_fd_sc_hd__decap_4, sky130_fd_sc_hd__clkbuf_2, sky130_fd_sc_hd__fill_1, sky130_fd_sc_hd__decap_8, sky130_fd_sc_hd__tapvpwrvgnd_1, sky130_fd_sc_hd__decap_12, sky130_fd_sc_hd__decap_3.
[INFO]: LEF Write Complete
Using technology "sky130A", version 1.0.141-0-gb9ffc1f
